<?xml version="1.0" encoding="UTF-8"?>
<!-- Generated by org.testng.reporters.JUnitReportReporter -->
<testsuite hostname="DESKTOP-6K33ESR" failures="0" tests="1" name="com.nft.AppTest" time="0.012" errors="0" timestamp="2023-03-20T20:44:50 IST" skipped="0">
  <testcase classname="com.nft.AppTest" name="NavigateToNFT" time="0.012"/>
  <system-out/>
</testsuite> <!-- com.nft.AppTest -->
