<?xml version="1.0" encoding="UTF-8"?>
<!-- Generated by org.testng.reporters.JUnitReportReporter -->
<testsuite hostname="DESKTOP-6K33ESR" failures="0" tests="3" name="com.nft.broken_links_Test.copy.BrokenLinks_Test" time="93.481" errors="0" timestamp="2023-03-22T21:41:18 IST" skipped="0">
  <testcase classname="com.nft.broken_links_Test.copy.BrokenLinks_Test" name="GetAllURLs" time="2.288"/>
  <system-out/>
  <testcase classname="com.nft.broken_links_Test.copy.BrokenLinks_Test" name="ValidateTheBrokenLinks" time="52.072"/>
  <system-out/>
  <testcase classname="com.nft.broken_links_Test.copy.BrokenLinks_Test" name="ValidateAllBrokenImages" time="39.121"/>
  <system-out/>
</testsuite> <!-- com.nft.broken_links_Test.copy.BrokenLinks_Test -->
