<?xml version="1.0" encoding="UTF-8"?>
<!-- Generated by org.testng.reporters.JUnitReportReporter -->
<testsuite hostname="DESKTOP-6K33ESR" failures="0" tests="12" name="com.nfts.Page_Test.HomePage_Test" time="146.111" errors="0" timestamp="2023-04-04T10:43:19 IST" skipped="0">
  <testcase classname="com.nfts.Page_Test.HomePage_Test" name="NavigateToNFT" time="3.015"/>
  <system-out/>
  <testcase classname="com.nfts.Page_Test.HomePage_Test" name="ValidateNFTLogoImage" time="3.076"/>
  <system-out/>
  <testcase classname="com.nfts.Page_Test.HomePage_Test" name="ValidateNFTcomHeaderOptions" time="3.571"/>
  <system-out/>
  <testcase classname="com.nfts.Page_Test.HomePage_Test" name="VerifyDiscoverHeaderDropDownoptions" time="3.267"/>
  <system-out/>
  <testcase classname="com.nfts.Page_Test.HomePage_Test" name="VerifyLearnHeaderDropDownoptions" time="4.209"/>
  <system-out/>
  <testcase classname="com.nfts.Page_Test.HomePage_Test" name="VerifySearchFieldResponse" time="14.097"/>
  <system-out/>
  <testcase classname="com.nfts.Page_Test.HomePage_Test" name="VerifySignInResponse" time="5.278"/>
  <system-out/>
  <testcase classname="com.nfts.Page_Test.HomePage_Test" name="VerifyCartheaderOption" time="5.596"/>
  <system-out/>
  <testcase classname="com.nfts.Page_Test.HomePage_Test" name="VerifyClickonCreateAProfileButton" time="25.819"/>
  <system-out/>
  <testcase classname="com.nfts.Page_Test.HomePage_Test" name="VerifyHomePageSections" time="9.686"/>
  <system-out/>
  <testcase classname="com.nfts.Page_Test.HomePage_Test" name="VerifyConnectWalletScreen" time="7.861"/>
  <system-out/>
  <testcase classname="com.nfts.Page_Test.HomePage_Test" name="FooterlinkRedirects" time="60.636"/>
  <system-out/>
</testsuite> <!-- com.nfts.Page_Test.HomePage_Test -->
