<?xml version="1.0" encoding="UTF-8"?>
<!-- Generated by org.testng.reporters.JUnitReportReporter -->
<testsuite hostname="DESKTOP-6K33ESR" failures="0" tests="5" name="com.nft.home_page_Test.Gallery_Test" time="38.815" errors="0" timestamp="2023-03-30T19:30:33 IST" skipped="0">
  <testcase classname="com.nft.home_page_Test.Gallery_Test" name="NavigateToNFTGalleryPage" time="6.122"/>
  <system-out/>
  <testcase classname="com.nft.home_page_Test.Gallery_Test" name="ValidateTheBrokenLinks" time="8.497"/>
  <system-out/>
  <testcase classname="com.nft.home_page_Test.Gallery_Test" name="ValidateAllBrokenImages" time="2.634"/>
  <system-out/>
  <testcase classname="com.nft.home_page_Test.Gallery_Test" name="ValidateGenesisKeyPageAsVisitor" time="21.557"/>
  <system-out/>
  <testcase classname="com.nft.home_page_Test.Gallery_Test" name="ValidateGenesisKeyPageAsLoggedInUser" time="0.005"/>
  <system-out/>
</testsuite> <!-- com.nft.home_page_Test.Gallery_Test -->
