<?xml version="1.0" encoding="UTF-8"?>
<!-- Generated by org.testng.reporters.JUnitReportReporter -->
<testsuite hostname="DESKTOP-6K33ESR" failures="0" tests="2" name="com.nfts.Page_Test.Discover_ProfilesPage_Test" time="20.649" errors="0" timestamp="2023-04-04T10:43:19 IST" skipped="0">
  <testcase classname="com.nfts.Page_Test.Discover_ProfilesPage_Test" name="NavigateToDiscover_ProfilesPage" time="10.100"/>
  <system-out/>
  <testcase classname="com.nfts.Page_Test.Discover_ProfilesPage_Test" name="ValidateDiscoverProfilesPage" time="10.549"/>
  <system-out/>
</testsuite> <!-- com.nfts.Page_Test.Discover_ProfilesPage_Test -->
