<?xml version="1.0" encoding="UTF-8"?>
<!-- Generated by org.testng.reporters.JUnitReportReporter -->
<testsuite hostname="DESKTOP-6K33ESR" failures="0" tests="2" name="com.nfts.Page_Test.Discover_NFTsPage_Test" time="28.241" errors="0" timestamp="2023-04-04T10:43:19 IST" skipped="0">
  <testcase classname="com.nfts.Page_Test.Discover_NFTsPage_Test" name="NavigateToDiscover_NFTsPage" time="10.141"/>
  <system-out/>
  <testcase classname="com.nfts.Page_Test.Discover_NFTsPage_Test" name="ValidateDiscoverNFTsPage" time="18.100"/>
  <system-out/>
</testsuite> <!-- com.nfts.Page_Test.Discover_NFTsPage_Test -->
