<?xml version="1.0" encoding="UTF-8"?>
<!-- Generated by org.testng.reporters.JUnitReportReporter -->
<testsuite hostname="DESKTOP-6K33ESR" failures="0" tests="3" name="com.nfts.Page_Test.Discover_CollectionsPage_Test" time="59.850" errors="0" timestamp="2023-04-14T19:43:32 IST" skipped="0">
  <testcase classname="com.nfts.Page_Test.Discover_CollectionsPage_Test" name="NavigateToDiscover_CollectionsPage" time="10.239"/>
  <system-out/>
  <testcase classname="com.nfts.Page_Test.Discover_CollectionsPage_Test" name="ValidateDiscoverCollectionsPage" time="25.095"/>
  <system-out/>
  <testcase classname="com.nfts.Page_Test.Discover_CollectionsPage_Test" name="VerifyCollectionDetailsPage" time="24.516"/>
  <system-out/>
</testsuite> <!-- com.nfts.Page_Test.Discover_CollectionsPage_Test -->
