<?xml version="1.0" encoding="UTF-8"?>
<!-- Generated by org.testng.reporters.JUnitReportReporter -->
<testsuite hostname="DESKTOP-6K33ESR" failures="0" tests="12" name="com.nft.home_page_Test.HomePage_Test" time="145.069" errors="0" timestamp="2023-03-30T19:30:33 IST" skipped="0">
  <testcase classname="com.nft.home_page_Test.HomePage_Test" name="NavigateToNFT" time="3.015"/>
  <system-out/>
  <testcase classname="com.nft.home_page_Test.HomePage_Test" name="ValidateNFTLogoImage" time="3.068"/>
  <system-out/>
  <testcase classname="com.nft.home_page_Test.HomePage_Test" name="ValidateNFTcomHeaderOptions" time="3.396"/>
  <system-out/>
  <testcase classname="com.nft.home_page_Test.HomePage_Test" name="VerifyDiscoverHeaderDropDownoptions" time="3.287"/>
  <system-out/>
  <testcase classname="com.nft.home_page_Test.HomePage_Test" name="VerifyLearnHeaderDropDownoptions" time="4.206"/>
  <system-out/>
  <testcase classname="com.nft.home_page_Test.HomePage_Test" name="VerifySearchFieldResponse" time="13.895"/>
  <system-out/>
  <testcase classname="com.nft.home_page_Test.HomePage_Test" name="VerifySignInResponse" time="5.321"/>
  <system-out/>
  <testcase classname="com.nft.home_page_Test.HomePage_Test" name="VerifyCartheaderOption" time="5.595"/>
  <system-out/>
  <testcase classname="com.nft.home_page_Test.HomePage_Test" name="VerifyClickonCreateAProfileButton" time="25.217"/>
  <system-out/>
  <testcase classname="com.nft.home_page_Test.HomePage_Test" name="VerifyHomePageSections" time="9.371"/>
  <system-out/>
  <testcase classname="com.nft.home_page_Test.HomePage_Test" name="VerifyConnectWalletScreen" time="7.790"/>
  <system-out/>
  <testcase classname="com.nft.home_page_Test.HomePage_Test" name="FooterlinkRedirects" time="60.908"/>
  <system-out/>
</testsuite> <!-- com.nft.home_page_Test.HomePage_Test -->
