<?xml version="1.0" encoding="UTF-8"?>
<!-- Generated by org.testng.reporters.JUnitReportReporter -->
<testsuite hostname="DESKTOP-6K33ESR" failures="0" tests="5" name="com.nfts.Page_Test.Gallery_Test" time="34.967" errors="0" timestamp="2023-04-04T10:43:19 IST" skipped="0">
  <testcase classname="com.nfts.Page_Test.Gallery_Test" name="NavigateToNFTGalleryPage" time="6.099"/>
  <system-out/>
  <testcase classname="com.nfts.Page_Test.Gallery_Test" name="ValidateTheBrokenLinks" time="5.225"/>
  <system-out/>
  <testcase classname="com.nfts.Page_Test.Gallery_Test" name="ValidateAllBrokenImages" time="2.142"/>
  <system-out/>
  <testcase classname="com.nfts.Page_Test.Gallery_Test" name="ValidateGenesisKeyPageAsVisitor" time="21.499"/>
  <system-out/>
  <testcase classname="com.nfts.Page_Test.Gallery_Test" name="ValidateGenesisKeyPageAsLoggedInUser" time="0.002"/>
  <system-out/>
</testsuite> <!-- com.nfts.Page_Test.Gallery_Test -->
