<?xml version="1.0" encoding="UTF-8"?>
<!-- Generated by org.testng.reporters.JUnitReportReporter -->
<testsuite hostname="DESKTOP-6K33ESR" failures="0" tests="2" name="com.nfts.Page_Test.Discover_CollectionsPage_Test" time="33.970" errors="0" timestamp="2023-04-04T10:43:19 IST" skipped="0">
  <testcase classname="com.nfts.Page_Test.Discover_CollectionsPage_Test" name="NavigateToDiscover_CollectionsPage" time="10.114"/>
  <system-out/>
  <testcase classname="com.nfts.Page_Test.Discover_CollectionsPage_Test" name="ValidateDiscoverCollectionsPage" time="23.856"/>
  <system-out/>
</testsuite> <!-- com.nfts.Page_Test.Discover_CollectionsPage_Test -->
