<?xml version="1.0" encoding="UTF-8"?>
<!-- Generated by org.testng.reporters.JUnitReportReporter -->
<testsuite hostname="DESKTOP-6K33ESR" failures="0" tests="3" name="com.nft.broken_links_Test.BrokenLinks_Test" time="50.282" errors="0" timestamp="2023-04-04T10:43:19 IST" skipped="0">
  <testcase classname="com.nft.broken_links_Test.BrokenLinks_Test" name="GetAllURLs" time="1.615"/>
  <system-out/>
  <testcase classname="com.nft.broken_links_Test.BrokenLinks_Test" name="ValidateTheBrokenLinks" time="29.628"/>
  <system-out/>
  <testcase classname="com.nft.broken_links_Test.BrokenLinks_Test" name="ValidateAllBrokenImages" time="19.039"/>
  <system-out/>
</testsuite> <!-- com.nft.broken_links_Test.BrokenLinks_Test -->
