<?xml version="1.0" encoding="UTF-8"?>
<!-- Generated by org.testng.reporters.JUnitReportReporter -->
<testsuite hostname="DESKTOP-6K33ESR" failures="0" tests="2" name="com.nft.home_page_Test.Discover_NFTsPage_Test" time="32.201" errors="0" timestamp="2023-03-30T19:30:33 IST" skipped="0">
  <testcase classname="com.nft.home_page_Test.Discover_NFTsPage_Test" name="NavigateToDiscover_NFTsPage" time="10.172"/>
  <system-out/>
  <testcase classname="com.nft.home_page_Test.Discover_NFTsPage_Test" name="ValidateDiscoverNFTsPage" time="22.029"/>
  <system-out/>
</testsuite> <!-- com.nft.home_page_Test.Discover_NFTsPage_Test -->
