<?xml version="1.0" encoding="UTF-8"?>
<!-- Generated by org.testng.reporters.JUnitReportReporter -->
<testsuite hostname="DESKTOP-6K33ESR" failures="0" tests="3" name="com.nfts.Page_Test.Discover_NFTsPage_Test" time="42.076" errors="0" timestamp="2023-04-13T19:11:13 IST" skipped="0">
  <testcase classname="com.nfts.Page_Test.Discover_NFTsPage_Test" name="NavigateToDiscover_NFTsPage" time="10.251"/>
  <system-out/>
  <testcase classname="com.nfts.Page_Test.Discover_NFTsPage_Test" name="ValidateDiscoverNFTsPage" time="19.006"/>
  <system-out/>
  <testcase classname="com.nfts.Page_Test.Discover_NFTsPage_Test" name="VerifyNFTdetailspage" time="12.819"/>
  <system-out/>
</testsuite> <!-- com.nfts.Page_Test.Discover_NFTsPage_Test -->
